2021-12-17 11:17:44,772 INFO o.a.j.u.JMeterUtils: Setting Locale to en_EN
2021-12-17 11:17:44,794 INFO o.a.j.JMeter: Loading user properties from: /usr/local/Cellar/jmeter/5.4/libexec/bin/user.properties
2021-12-17 11:17:44,794 INFO o.a.j.JMeter: Loading system properties from: /usr/local/Cellar/jmeter/5.4/libexec/bin/system.properties
2021-12-17 11:17:44,800 INFO o.a.j.JMeter: Copyright (c) 1998-2020 The Apache Software Foundation
2021-12-17 11:17:44,801 INFO o.a.j.JMeter: Version 5.4
2021-12-17 11:17:44,801 INFO o.a.j.JMeter: java.version=15.0.1
2021-12-17 11:17:44,801 INFO o.a.j.JMeter: java.vm.name=OpenJDK 64-Bit Server VM
2021-12-17 11:17:44,801 INFO o.a.j.JMeter: os.name=Mac OS X
2021-12-17 11:17:44,801 INFO o.a.j.JMeter: os.arch=x86_64
2021-12-17 11:17:44,801 INFO o.a.j.JMeter: os.version=12.1
2021-12-17 11:17:44,801 INFO o.a.j.JMeter: file.encoding=UTF-8
2021-12-17 11:17:44,801 INFO o.a.j.JMeter: java.awt.headless=null
2021-12-17 11:17:44,801 INFO o.a.j.JMeter: Max memory     =1073741824
2021-12-17 11:17:44,801 INFO o.a.j.JMeter: Available Processors =16
2021-12-17 11:17:44,810 INFO o.a.j.JMeter: Default Locale=English (EN)
2021-12-17 11:17:44,810 INFO o.a.j.JMeter: JMeter  Locale=English (EN)
2021-12-17 11:17:44,810 INFO o.a.j.JMeter: JMeterHome=/usr/local/Cellar/jmeter/5.4/libexec
2021-12-17 11:17:44,810 INFO o.a.j.JMeter: user.dir  =/Users/leo/Workspace/v/docker-image
2021-12-17 11:17:44,811 INFO o.a.j.JMeter: PWD       =/Users/leo/Workspace/v/docker-image
2021-12-17 11:17:44,812 INFO o.a.j.JMeter: IP: 127.0.0.1 Name: Haozhongs-MacBook-Pro.local FullName: localhost
2021-12-17 11:17:45,111 INFO o.a.j.JMeter: Setting LAF to: com.github.weisj.darklaf.DarkLaf:com.github.weisj.darklaf.theme.DarculaTheme
2021-12-17 11:17:45,778 INFO o.a.j.JMeter: Loaded icon properties from org/apache/jmeter/images/icon.properties
2021-12-17 11:17:47,095 INFO o.j.r.JARSourceHTTP: Found cached repo
2021-12-17 11:17:47,228 INFO o.j.r.PluginManager: Plugins Status: [mqtt-xmeter=2.0.2, jpgc-plugins-manager=1.6, jmeter-core=5.4, jmeter-ftp=5.4, jmeter-http=5.4, jmeter-jdbc=5.4, jmeter-jms=5.4, jmeter-junit=5.4, jmeter-java=5.4, jmeter-ldap=5.4, jmeter-mail=5.4, jmeter-mongodb=5.4, jmeter-native=5.4, jmeter-tcp=5.4, jmeter-components=5.4]
2021-12-17 11:17:55,730 INFO o.a.j.s.FileServer: Default base='/Users/leo/Workspace/v/docker-image'
2021-12-17 11:17:55,732 INFO o.a.j.g.a.Load: Loading file: /Users/leo/Workspace/projecth/h-api-test.jmx
2021-12-17 11:17:55,732 INFO o.a.j.s.FileServer: Set new base='/Users/leo/Workspace/projecth'
2021-12-17 11:17:55,848 INFO o.a.j.s.SaveService: Testplan (JMX) version: 2.2. Testlog (JTL) version: 2.2
2021-12-17 11:17:55,854 INFO o.a.j.s.SaveService: Using SaveService properties version 5.0
2021-12-17 11:17:55,856 INFO o.a.j.s.SaveService: Using SaveService properties file encoding UTF-8
2021-12-17 11:17:55,857 INFO o.a.j.s.SaveService: Loading file: /Users/leo/Workspace/projecth/h-api-test.jmx
2021-12-17 11:17:55,954 INFO o.a.j.p.h.s.HTTPSamplerBase: Parser for text/html is org.apache.jmeter.protocol.http.parser.LagartoBasedHtmlParser
2021-12-17 11:17:55,954 INFO o.a.j.p.h.s.HTTPSamplerBase: Parser for application/xhtml+xml is org.apache.jmeter.protocol.http.parser.LagartoBasedHtmlParser
2021-12-17 11:17:55,955 INFO o.a.j.p.h.s.HTTPSamplerBase: Parser for application/xml is org.apache.jmeter.protocol.http.parser.LagartoBasedHtmlParser
2021-12-17 11:17:55,955 INFO o.a.j.p.h.s.HTTPSamplerBase: Parser for text/xml is org.apache.jmeter.protocol.http.parser.LagartoBasedHtmlParser
2021-12-17 11:17:55,955 INFO o.a.j.p.h.s.HTTPSamplerBase: Parser for text/vnd.wap.wml is org.apache.jmeter.protocol.http.parser.RegexpHTMLParser
2021-12-17 11:17:55,955 INFO o.a.j.p.h.s.HTTPSamplerBase: Parser for text/css is org.apache.jmeter.protocol.http.parser.CssParser
2021-12-17 11:17:56,115 INFO o.a.j.s.SampleResult: Note: Sample TimeStamps are START times
2021-12-17 11:17:56,115 INFO o.a.j.s.SampleResult: sampleresult.default.encoding is set to ISO-8859-1
2021-12-17 11:17:56,115 INFO o.a.j.s.SampleResult: sampleresult.useNanoTime=true
2021-12-17 11:17:56,115 INFO o.a.j.s.SampleResult: sampleresult.nanoThreadSleep=5000
2021-12-17 11:17:56,245 INFO o.a.j.v.ViewResultsFullVisualizer: Add JavaFX to your Java installation if you want to use renderer: org.apache.jmeter.visualizers.RenderInBrowser
2021-12-17 11:17:56,402 WARN o.a.j.g.a.Load: Unexpected error. java.lang.NullPointerException
java.lang.NullPointerException: null
	at java.util.ArrayDeque.addLast(ArrayDeque.java:303) ~[?:?]
	at java.util.ArrayDeque.add(ArrayDeque.java:494) ~[?:?]
	at org.apache.jmeter.gui.action.LoadRecentProject.updateRecentFileMenuItems(LoadRecentProject.java:125) ~[ApacheJMeter_core.jar:5.4]
	at org.apache.jmeter.gui.util.JMeterMenuBar.setProjectFileLoaded(JMeterMenuBar.java:144) ~[ApacheJMeter_core.jar:5.4]
	at org.apache.jmeter.gui.MainFrame.setProjectFileLoaded(MainFrame.java:330) ~[ApacheJMeter_core.jar:5.4]
	at org.apache.jmeter.gui.GuiPackage.setTestPlanFile(GuiPackage.java:732) ~[ApacheJMeter_core.jar:5.4]
	at org.apache.jmeter.gui.action.Load.loadProjectFile(Load.java:136) ~[ApacheJMeter_core.jar:5.4]
	at org.apache.jmeter.gui.action.Load.loadProjectFile(Load.java:101) ~[ApacheJMeter_core.jar:5.4]
	at org.apache.jmeter.gui.action.Load.doActionAfterCheck(Load.java:88) ~[ApacheJMeter_core.jar:5.4]
	at org.apache.jmeter.gui.action.AbstractActionWithNoRunningTest.doAction(AbstractActionWithNoRunningTest.java:44) ~[ApacheJMeter_core.jar:5.4]
	at org.apache.jmeter.gui.action.ActionRouter.performAction(ActionRouter.java:87) ~[ApacheJMeter_core.jar:5.4]
	at org.apache.jmeter.gui.action.ActionRouter.lambda$actionPerformed$0(ActionRouter.java:69) ~[ApacheJMeter_core.jar:5.4]
	at java.awt.event.InvocationEvent.dispatch(InvocationEvent.java:316) ~[?:?]
	at java.awt.EventQueue.dispatchEventImpl(EventQueue.java:770) ~[?:?]
	at java.awt.EventQueue$4.run(EventQueue.java:721) ~[?:?]
	at java.awt.EventQueue$4.run(EventQueue.java:715) ~[?:?]
	at java.security.AccessController.doPrivileged(AccessController.java:391) [?:?]
	at java.security.ProtectionDomain$JavaSecurityAccessImpl.doIntersectionPrivilege(ProtectionDomain.java:85) [?:?]
	at java.awt.EventQueue.dispatchEvent(EventQueue.java:740) [?:?]
	at java.awt.EventDispatchThread.pumpOneEventForFilters(EventDispatchThread.java:203) [?:?]
	at java.awt.EventDispatchThread.pumpEventsForFilter(EventDispatchThread.java:124) [?:?]
	at java.awt.EventDispatchThread.pumpEventsForHierarchy(EventDispatchThread.java:113) [?:?]
	at java.awt.EventDispatchThread.pumpEvents(EventDispatchThread.java:109) [?:?]
	at java.awt.EventDispatchThread.pumpEvents(EventDispatchThread.java:101) [?:?]
	at java.awt.EventDispatchThread.run(EventDispatchThread.java:90) [?:?]
2021-12-17 11:17:56,407 ERROR o.a.j.u.JMeterUtils: Unexpected error - see log for details
2021-12-17 11:19:49,558 INFO o.a.j.e.StandardJMeterEngine: Running the test!
2021-12-17 11:19:49,559 INFO o.a.j.s.SampleEvent: List of sample_variables: []
2021-12-17 11:19:49,559 INFO o.a.j.s.SampleEvent: List of sample_variables: []
2021-12-17 11:19:49,560 INFO o.a.j.e.u.CompoundVariable: Note: Function class names must contain the string: '.functions.'
2021-12-17 11:19:49,560 INFO o.a.j.e.u.CompoundVariable: Note: Function class names must not contain the string: '.gui.'
2021-12-17 11:19:49,590 INFO o.a.j.g.u.JMeterMenuBar: setRunning(true, *local*)
2021-12-17 11:19:49,625 INFO o.a.j.e.StandardJMeterEngine: Starting ThreadGroup: 1 : Thread Group
2021-12-17 11:19:49,625 INFO o.a.j.e.StandardJMeterEngine: Starting 1 threads for group Thread Group.
2021-12-17 11:19:49,625 INFO o.a.j.e.StandardJMeterEngine: Thread will continue on error
2021-12-17 11:19:49,625 INFO o.a.j.t.ThreadGroup: Starting thread group... number=1 threads=1 ramp-up=1 delayedStart=false
2021-12-17 11:19:49,627 INFO o.a.j.t.ThreadGroup: Started thread group number 1
2021-12-17 11:19:49,627 INFO o.a.j.e.StandardJMeterEngine: All thread groups have been started
2021-12-17 11:19:49,627 INFO o.a.j.t.JMeterThread: Thread started: Thread Group 1-1
2021-12-17 11:19:49,634 INFO o.a.j.p.h.s.HTTPHCAbstractImpl: Local host = Haozhongs-MacBook-Pro.local
2021-12-17 11:19:49,639 INFO o.a.j.p.h.s.HTTPHC4Impl: HTTP request retry count = 0
2021-12-17 11:19:57,687 INFO o.a.j.t.JMeterThread: Thread is done: Thread Group 1-1
2021-12-17 11:19:57,687 INFO o.a.j.t.JMeterThread: Thread finished: Thread Group 1-1
2021-12-17 11:19:57,688 INFO o.a.j.e.StandardJMeterEngine: Notifying test listeners of end of test
2021-12-17 11:19:57,688 INFO o.a.j.g.u.JMeterMenuBar: setRunning(false, *local*)
2021-12-17 11:37:45,075 INFO o.a.j.e.StandardJMeterEngine: Running the test!
2021-12-17 11:37:45,077 INFO o.a.j.s.SampleEvent: List of sample_variables: []
2021-12-17 11:37:45,077 INFO o.a.j.g.u.JMeterMenuBar: setRunning(true, *local*)
2021-12-17 11:37:45,117 INFO o.a.j.e.StandardJMeterEngine: Starting ThreadGroup: 1 : Thread Group
2021-12-17 11:37:45,118 INFO o.a.j.e.StandardJMeterEngine: Starting 1 threads for group Thread Group.
2021-12-17 11:37:45,118 INFO o.a.j.e.StandardJMeterEngine: Thread will continue on error
2021-12-17 11:37:45,118 INFO o.a.j.t.ThreadGroup: Starting thread group... number=1 threads=1 ramp-up=1 delayedStart=false
2021-12-17 11:37:45,118 INFO o.a.j.t.ThreadGroup: Started thread group number 1
2021-12-17 11:37:45,118 INFO o.a.j.e.StandardJMeterEngine: All thread groups have been started
2021-12-17 11:37:45,118 INFO o.a.j.t.JMeterThread: Thread started: Thread Group 1-1
2021-12-17 11:37:45,355 INFO o.a.j.t.JMeterThread: Thread is done: Thread Group 1-1
2021-12-17 11:37:45,355 INFO o.a.j.t.JMeterThread: Thread finished: Thread Group 1-1
2021-12-17 11:37:45,356 INFO o.a.j.e.StandardJMeterEngine: Notifying test listeners of end of test
2021-12-17 11:37:45,356 INFO o.a.j.g.u.JMeterMenuBar: setRunning(false, *local*)
2021-12-17 11:40:40,010 INFO o.a.j.e.StandardJMeterEngine: Running the test!
2021-12-17 11:40:40,010 INFO o.a.j.s.SampleEvent: List of sample_variables: []
2021-12-17 11:40:40,011 INFO o.a.j.g.u.JMeterMenuBar: setRunning(true, *local*)
2021-12-17 11:40:40,055 INFO o.a.j.e.StandardJMeterEngine: Starting ThreadGroup: 1 : Thread Group
2021-12-17 11:40:40,055 INFO o.a.j.e.StandardJMeterEngine: Starting 10 threads for group Thread Group.
2021-12-17 11:40:40,055 INFO o.a.j.e.StandardJMeterEngine: Thread will continue on error
2021-12-17 11:40:40,055 INFO o.a.j.t.ThreadGroup: Starting thread group... number=1 threads=10 ramp-up=1 delayedStart=false
2021-12-17 11:40:40,056 INFO o.a.j.t.JMeterThread: Thread started: Thread Group 1-1
2021-12-17 11:40:40,059 INFO o.a.j.t.ThreadGroup: Started thread group number 1
2021-12-17 11:40:40,059 INFO o.a.j.e.StandardJMeterEngine: All thread groups have been started
2021-12-17 11:40:40,160 INFO o.a.j.t.JMeterThread: Thread started: Thread Group 1-2
2021-12-17 11:40:40,261 INFO o.a.j.t.JMeterThread: Thread started: Thread Group 1-3
2021-12-17 11:40:40,356 INFO o.a.j.t.JMeterThread: Thread started: Thread Group 1-4
2021-12-17 11:40:40,460 INFO o.a.j.t.JMeterThread: Thread started: Thread Group 1-5
2021-12-17 11:40:40,556 INFO o.a.j.t.JMeterThread: Thread started: Thread Group 1-6
2021-12-17 11:40:40,660 INFO o.a.j.t.JMeterThread: Thread started: Thread Group 1-7
2021-12-17 11:40:40,759 INFO o.a.j.t.JMeterThread: Thread started: Thread Group 1-8
2021-12-17 11:40:40,858 INFO o.a.j.t.JMeterThread: Thread started: Thread Group 1-9
2021-12-17 11:40:40,956 INFO o.a.j.t.JMeterThread: Thread started: Thread Group 1-10
2021-12-17 11:41:37,585 INFO o.a.j.g.a.Start: Stopping test
2021-12-17 11:41:37,604 INFO o.a.j.t.JMeterThread: Stopping: Thread Group 1-4
2021-12-17 11:41:37,604 WARN o.a.j.t.JMeterThread: Interrupting: Thread Group 1-4 sampler: bff-/h/im/message/send
2021-12-17 11:41:37,607 INFO o.a.j.t.JMeterThread: Stopping: Thread Group 1-8
2021-12-17 11:41:37,607 WARN o.a.j.t.JMeterThread: Interrupting: Thread Group 1-8 sampler: bff-/h/im/message/send
2021-12-17 11:41:37,607 INFO o.a.j.t.JMeterThread: Stopping: Thread Group 1-3
2021-12-17 11:41:37,607 WARN o.a.j.t.JMeterThread: Interrupting: Thread Group 1-3 sampler: bff-/h/im/message/send
2021-12-17 11:41:37,607 INFO o.a.j.t.JMeterThread: Stopping: Thread Group 1-7
2021-12-17 11:41:37,608 WARN o.a.j.t.JMeterThread: Interrupting: Thread Group 1-7 sampler: bff-/h/im/message/send
2021-12-17 11:41:37,608 INFO o.a.j.t.JMeterThread: Thread finished: Thread Group 1-8
2021-12-17 11:41:37,608 INFO o.a.j.t.JMeterThread: Thread finished: Thread Group 1-4
2021-12-17 11:41:37,608 INFO o.a.j.t.JMeterThread: Stopping: Thread Group 1-6
2021-12-17 11:41:37,608 WARN o.a.j.t.JMeterThread: Interrupting: Thread Group 1-6 sampler: bff-/h/im/message/send
2021-12-17 11:41:37,608 INFO o.a.j.t.JMeterThread: Thread finished: Thread Group 1-3
2021-12-17 11:41:37,608 INFO o.a.j.t.JMeterThread: Stopping: Thread Group 1-10
2021-12-17 11:41:37,608 WARN o.a.j.t.JMeterThread: Interrupting: Thread Group 1-10 sampler: bff-/h/im/message/send
2021-12-17 11:41:37,608 INFO o.a.j.t.JMeterThread: Thread finished: Thread Group 1-7
2021-12-17 11:41:37,609 INFO o.a.j.t.JMeterThread: Stopping: Thread Group 1-2
2021-12-17 11:41:37,609 WARN o.a.j.t.JMeterThread: Interrupting: Thread Group 1-2 sampler: bff-/h/im/message/send
2021-12-17 11:41:37,609 INFO o.a.j.t.JMeterThread: Thread finished: Thread Group 1-6
2021-12-17 11:41:37,609 INFO o.a.j.t.JMeterThread: Stopping: Thread Group 1-1
2021-12-17 11:41:37,609 WARN o.a.j.t.JMeterThread: Interrupting: Thread Group 1-1 sampler: bff-/h/im/message/send
2021-12-17 11:41:37,609 INFO o.a.j.t.JMeterThread: Thread finished: Thread Group 1-10
2021-12-17 11:41:37,609 INFO o.a.j.t.JMeterThread: Stopping: Thread Group 1-5
2021-12-17 11:41:37,609 INFO o.a.j.t.JMeterThread: Thread finished: Thread Group 1-2
2021-12-17 11:41:37,609 WARN o.a.j.t.JMeterThread: Interrupting: Thread Group 1-5 sampler: bff-/h/im/message/send
2021-12-17 11:41:37,609 INFO o.a.j.t.JMeterThread: Stopping: Thread Group 1-9
2021-12-17 11:41:37,609 WARN o.a.j.t.JMeterThread: Interrupting: Thread Group 1-9 sampler: bff-/h/im/message/send
2021-12-17 11:41:37,609 INFO o.a.j.t.JMeterThread: Thread finished: Thread Group 1-1
2021-12-17 11:41:37,610 INFO o.a.j.t.JMeterThread: Thread finished: Thread Group 1-5
2021-12-17 11:41:37,610 INFO o.a.j.t.JMeterThread: Thread finished: Thread Group 1-9
2021-12-17 11:41:37,610 INFO o.a.j.e.StandardJMeterEngine: Notifying test listeners of end of test
2021-12-17 11:41:37,610 INFO o.a.j.g.u.JMeterMenuBar: setRunning(false, *local*)
2021-12-17 13:03:56,641 INFO o.a.j.e.StandardJMeterEngine: Running the test!
2021-12-17 13:03:56,641 INFO o.a.j.s.SampleEvent: List of sample_variables: []
2021-12-17 13:03:56,642 INFO o.a.j.g.u.JMeterMenuBar: setRunning(true, *local*)
2021-12-17 13:03:56,689 INFO o.a.j.e.StandardJMeterEngine: Starting ThreadGroup: 1 : Thread Group
2021-12-17 13:03:56,689 INFO o.a.j.e.StandardJMeterEngine: Starting 1 threads for group Thread Group.
2021-12-17 13:03:56,689 INFO o.a.j.e.StandardJMeterEngine: Thread will continue on error
2021-12-17 13:03:56,689 INFO o.a.j.t.ThreadGroup: Starting thread group... number=1 threads=1 ramp-up=1 delayedStart=false
2021-12-17 13:03:56,690 INFO o.a.j.t.ThreadGroup: Started thread group number 1
2021-12-17 13:03:56,690 INFO o.a.j.e.StandardJMeterEngine: All thread groups have been started
2021-12-17 13:03:56,690 INFO o.a.j.t.JMeterThread: Thread started: Thread Group 1-1
2021-12-17 13:04:27,060 INFO o.a.j.g.a.Start: Stopping test
2021-12-17 13:04:27,076 INFO o.a.j.t.JMeterThread: Stopping: Thread Group 1-1
2021-12-17 13:04:27,076 WARN o.a.j.t.JMeterThread: Interrupting: Thread Group 1-1 sampler: bff-/h/im/message/send
2021-12-17 13:04:27,077 INFO o.a.j.t.JMeterThread: Thread finished: Thread Group 1-1
2021-12-17 13:04:27,077 INFO o.a.j.e.StandardJMeterEngine: Notifying test listeners of end of test
2021-12-17 13:04:27,077 INFO o.a.j.g.u.JMeterMenuBar: setRunning(false, *local*)
2021-12-17 14:08:15,813 INFO o.a.j.e.StandardJMeterEngine: Running the test!
2021-12-17 14:08:15,814 INFO o.a.j.s.SampleEvent: List of sample_variables: []
2021-12-17 14:08:15,814 INFO o.a.j.g.u.JMeterMenuBar: setRunning(true, *local*)
2021-12-17 14:08:15,856 INFO o.a.j.e.StandardJMeterEngine: Starting ThreadGroup: 1 : Thread Group
2021-12-17 14:08:15,856 INFO o.a.j.e.StandardJMeterEngine: Starting 1 threads for group Thread Group.
2021-12-17 14:08:15,856 INFO o.a.j.e.StandardJMeterEngine: Thread will continue on error
2021-12-17 14:08:15,856 INFO o.a.j.t.ThreadGroup: Starting thread group... number=1 threads=1 ramp-up=1 delayedStart=false
2021-12-17 14:08:15,857 INFO o.a.j.t.ThreadGroup: Started thread group number 1
2021-12-17 14:08:15,857 INFO o.a.j.e.StandardJMeterEngine: All thread groups have been started
2021-12-17 14:08:15,857 INFO o.a.j.t.JMeterThread: Thread started: Thread Group 1-1
2021-12-17 14:08:19,342 INFO o.a.j.g.a.Start: Stopping test
2021-12-17 14:08:19,357 INFO o.a.j.t.JMeterThread: Stopping: Thread Group 1-1
2021-12-17 14:08:19,358 WARN o.a.j.t.JMeterThread: Interrupting: Thread Group 1-1 sampler: bff-/h/im/message/send
2021-12-17 14:08:19,358 INFO o.a.j.t.JMeterThread: Thread finished: Thread Group 1-1
2021-12-17 14:08:19,359 INFO o.a.j.e.StandardJMeterEngine: Notifying test listeners of end of test
2021-12-17 14:08:19,359 INFO o.a.j.g.u.JMeterMenuBar: setRunning(false, *local*)
2021-12-17 14:17:59,609 INFO o.a.j.e.StandardJMeterEngine: Running the test!
2021-12-17 14:17:59,609 INFO o.a.j.s.SampleEvent: List of sample_variables: []
2021-12-17 14:17:59,610 INFO o.a.j.g.u.JMeterMenuBar: setRunning(true, *local*)
2021-12-17 14:17:59,650 INFO o.a.j.e.StandardJMeterEngine: Starting ThreadGroup: 1 : Thread Group
2021-12-17 14:17:59,650 INFO o.a.j.e.StandardJMeterEngine: Starting 1 threads for group Thread Group.
2021-12-17 14:17:59,650 INFO o.a.j.e.StandardJMeterEngine: Thread will continue on error
2021-12-17 14:17:59,650 INFO o.a.j.t.ThreadGroup: Starting thread group... number=1 threads=1 ramp-up=1 delayedStart=false
2021-12-17 14:17:59,651 INFO o.a.j.t.ThreadGroup: Started thread group number 1
2021-12-17 14:17:59,651 INFO o.a.j.e.StandardJMeterEngine: All thread groups have been started
2021-12-17 14:17:59,651 INFO o.a.j.t.JMeterThread: Thread started: Thread Group 1-1
2021-12-17 14:18:08,196 INFO o.a.j.g.a.Start: Stopping test
2021-12-17 14:18:08,209 INFO o.a.j.t.JMeterThread: Stopping: Thread Group 1-1
2021-12-17 14:18:08,210 WARN o.a.j.t.JMeterThread: Interrupting: Thread Group 1-1 sampler: bff-/h/im/message/send
2021-12-17 14:18:08,210 INFO o.a.j.t.JMeterThread: Thread finished: Thread Group 1-1
2021-12-17 14:18:08,210 INFO o.a.j.e.StandardJMeterEngine: Notifying test listeners of end of test
2021-12-17 14:18:08,211 INFO o.a.j.g.u.JMeterMenuBar: setRunning(false, *local*)
2021-12-17 14:39:27,026 INFO o.a.j.e.StandardJMeterEngine: Running the test!
2021-12-17 14:39:27,027 INFO o.a.j.s.SampleEvent: List of sample_variables: []
2021-12-17 14:39:27,027 INFO o.a.j.g.u.JMeterMenuBar: setRunning(true, *local*)
2021-12-17 14:39:27,066 INFO o.a.j.e.StandardJMeterEngine: Starting ThreadGroup: 1 : Thread Group
2021-12-17 14:39:27,066 INFO o.a.j.e.StandardJMeterEngine: Starting 1 threads for group Thread Group.
2021-12-17 14:39:27,066 INFO o.a.j.e.StandardJMeterEngine: Thread will continue on error
2021-12-17 14:39:27,067 INFO o.a.j.t.ThreadGroup: Starting thread group... number=1 threads=1 ramp-up=1 delayedStart=false
2021-12-17 14:39:27,067 INFO o.a.j.t.ThreadGroup: Started thread group number 1
2021-12-17 14:39:27,067 INFO o.a.j.e.StandardJMeterEngine: All thread groups have been started
2021-12-17 14:39:27,067 INFO o.a.j.t.JMeterThread: Thread started: Thread Group 1-1
2021-12-17 14:39:47,714 INFO o.a.j.g.a.Start: Stopping test
2021-12-17 14:39:47,729 INFO o.a.j.t.JMeterThread: Stopping: Thread Group 1-1
2021-12-17 14:39:47,729 WARN o.a.j.t.JMeterThread: Interrupting: Thread Group 1-1 sampler: bff-/h/im/message/send
2021-12-17 14:39:47,729 INFO o.a.j.t.JMeterThread: Thread finished: Thread Group 1-1
2021-12-17 14:39:47,730 INFO o.a.j.e.StandardJMeterEngine: Notifying test listeners of end of test
2021-12-17 14:39:47,730 INFO o.a.j.g.u.JMeterMenuBar: setRunning(false, *local*)
