2021-12-16 11:44:24,367 INFO o.a.j.u.JMeterUtils: Setting Locale to en_EN
2021-12-16 11:44:24,384 INFO o.a.j.JMeter: Loading user properties from: /opt/apache-jmeter-5.4/bin/user.properties
2021-12-16 11:44:24,386 INFO o.a.j.JMeter: Loading system properties from: /opt/apache-jmeter-5.4/bin/system.properties
2021-12-16 11:44:24,387 INFO o.a.j.JMeter: Setting System property: log4j2.formatMsgNoLookups=true
2021-12-16 11:44:24,395 INFO o.a.j.JMeter: Copyright (c) 1998-2020 The Apache Software Foundation
2021-12-16 11:44:24,396 INFO o.a.j.JMeter: Version 5.4
2021-12-16 11:44:24,396 INFO o.a.j.JMeter: java.version=1.8.0_275
2021-12-16 11:44:24,397 INFO o.a.j.JMeter: java.vm.name=OpenJDK 64-Bit Server VM
2021-12-16 11:44:24,397 INFO o.a.j.JMeter: os.name=Linux
2021-12-16 11:44:24,398 INFO o.a.j.JMeter: os.arch=amd64
2021-12-16 11:44:24,398 INFO o.a.j.JMeter: os.version=5.10.47-linuxkit
2021-12-16 11:44:24,399 INFO o.a.j.JMeter: file.encoding=UTF-8
2021-12-16 11:44:24,399 INFO o.a.j.JMeter: java.awt.headless=true
2021-12-16 11:44:24,399 INFO o.a.j.JMeter: Max memory     =5570035712
2021-12-16 11:44:24,400 INFO o.a.j.JMeter: Available Processors =8
2021-12-16 11:44:24,407 INFO o.a.j.JMeter: Default Locale=English (EN)
2021-12-16 11:44:24,408 INFO o.a.j.JMeter: JMeter  Locale=English (EN)
2021-12-16 11:44:24,409 INFO o.a.j.JMeter: JMeterHome=/opt/apache-jmeter-5.4
2021-12-16 11:44:24,409 INFO o.a.j.JMeter: user.dir  =/Users/leo/Workspace/v/docker-image/jmeter
2021-12-16 11:44:24,410 INFO o.a.j.JMeter: PWD       =/Users/leo/Workspace/v/docker-image/jmeter
2021-12-16 11:44:24,410 INFO o.a.j.JMeter: IP: 172.17.0.2 Name: 84196040e1b4 FullName: 84196040e1b4
2021-12-16 11:44:24,418 INFO o.a.j.s.FileServer: Default base='/Users/leo/Workspace/v/docker-image/jmeter'
2021-12-16 11:44:24,420 INFO o.a.j.s.FileServer: Set new base='/Users/leo/Workspace/v/docker-image/jmeter/plans'
2021-12-16 11:44:24,537 INFO o.a.j.s.SaveService: Testplan (JMX) version: 2.2. Testlog (JTL) version: 2.2
2021-12-16 11:44:24,570 INFO o.a.j.s.SaveService: Using SaveService properties file encoding UTF-8
2021-12-16 11:44:24,574 INFO o.a.j.s.SaveService: Using SaveService properties version 5.0
2021-12-16 11:44:24,580 INFO o.a.j.s.SaveService: Loading file: plans/h-api-test.jmx
2021-12-16 11:44:24,633 INFO o.a.j.p.h.s.HTTPSamplerBase: Parser for text/html is org.apache.jmeter.protocol.http.parser.LagartoBasedHtmlParser
2021-12-16 11:44:24,634 INFO o.a.j.p.h.s.HTTPSamplerBase: Parser for application/xhtml+xml is org.apache.jmeter.protocol.http.parser.LagartoBasedHtmlParser
2021-12-16 11:44:24,636 INFO o.a.j.p.h.s.HTTPSamplerBase: Parser for application/xml is org.apache.jmeter.protocol.http.parser.LagartoBasedHtmlParser
2021-12-16 11:44:24,637 INFO o.a.j.p.h.s.HTTPSamplerBase: Parser for text/xml is org.apache.jmeter.protocol.http.parser.LagartoBasedHtmlParser
2021-12-16 11:44:24,638 INFO o.a.j.p.h.s.HTTPSamplerBase: Parser for text/vnd.wap.wml is org.apache.jmeter.protocol.http.parser.RegexpHTMLParser
2021-12-16 11:44:24,639 INFO o.a.j.p.h.s.HTTPSamplerBase: Parser for text/css is org.apache.jmeter.protocol.http.parser.CssParser
2021-12-16 11:44:24,665 ERROR o.a.j.JMeter: Error in NonGUIDriver
java.lang.IllegalArgumentException: Problem loading XML from:'/Users/leo/Workspace/v/docker-image/jmeter/plans/h-api-test.jmx'. 
Cause:
CannotResolveClassException: net.xmeter.samplers.ConnectSampler

 Detail:com.thoughtworks.xstream.converters.ConversionException: 
---- Debugging information ----
cause-exception     : com.thoughtworks.xstream.converters.ConversionException
cause-message       : 
first-jmeter-class  : org.apache.jmeter.save.converters.HashTreeConverter.unmarshal(HashTreeConverter.java:66)
class               : org.apache.jmeter.save.ScriptWrapper
required-type       : org.apache.jmeter.save.ScriptWrapper
converter-type      : org.apache.jmeter.save.ScriptWrapperConverter
path                : /jmeterTestPlan/hashTree/hashTree/hashTree/net.xmeter.samplers.ConnectSampler
line number         : 224
version             : 5.4
-------------------------------
	at org.apache.jmeter.save.SaveService.readTree(SaveService.java:459) ~[ApacheJMeter_core.jar:5.4]
	at org.apache.jmeter.save.SaveService.loadTree(SaveService.java:432) ~[ApacheJMeter_core.jar:5.4]
	at org.apache.jmeter.JMeter.runNonGui(JMeter.java:1021) [ApacheJMeter_core.jar:5.4]
	at org.apache.jmeter.JMeter.startNonGui(JMeter.java:1007) [ApacheJMeter_core.jar:5.4]
	at org.apache.jmeter.JMeter.start(JMeter.java:579) [ApacheJMeter_core.jar:5.4]
	at sun.reflect.NativeMethodAccessorImpl.invoke0(Native Method) ~[?:1.8.0_275]
	at sun.reflect.NativeMethodAccessorImpl.invoke(NativeMethodAccessorImpl.java:62) ~[?:1.8.0_275]
	at sun.reflect.DelegatingMethodAccessorImpl.invoke(DelegatingMethodAccessorImpl.java:43) ~[?:1.8.0_275]
	at java.lang.reflect.Method.invoke(Method.java:498) ~[?:1.8.0_275]
	at org.apache.jmeter.NewDriver.main(NewDriver.java:254) [ApacheJMeter.jar:5.4]
Caused by: com.thoughtworks.xstream.converters.ConversionException: 
---- Debugging information ----
cause-exception     : com.thoughtworks.xstream.converters.ConversionException
cause-message       : 
first-jmeter-class  : org.apache.jmeter.save.converters.HashTreeConverter.unmarshal(HashTreeConverter.java:66)
class               : org.apache.jmeter.save.ScriptWrapper
required-type       : org.apache.jmeter.save.ScriptWrapper
converter-type      : org.apache.jmeter.save.ScriptWrapperConverter
path                : /jmeterTestPlan/hashTree/hashTree/hashTree/net.xmeter.samplers.ConnectSampler
line number         : 224
version             : 5.4
-------------------------------
	at org.apache.jmeter.save.ScriptWrapperConverter.createConversionException(ScriptWrapperConverter.java:101) ~[ApacheJMeter_core.jar:5.4]
	at org.apache.jmeter.save.ScriptWrapperConverter.unmarshal(ScriptWrapperConverter.java:95) ~[ApacheJMeter_core.jar:5.4]
	at com.thoughtworks.xstream.core.TreeUnmarshaller.convert(TreeUnmarshaller.java:72) ~[xstream-1.4.14.jar:1.4.14]
	at com.thoughtworks.xstream.core.AbstractReferenceUnmarshaller.convert(AbstractReferenceUnmarshaller.java:72) ~[xstream-1.4.14.jar:1.4.14]
	at com.thoughtworks.xstream.core.TreeUnmarshaller.convertAnother(TreeUnmarshaller.java:66) ~[xstream-1.4.14.jar:1.4.14]
	at com.thoughtworks.xstream.core.TreeUnmarshaller.convertAnother(TreeUnmarshaller.java:50) ~[xstream-1.4.14.jar:1.4.14]
	at com.thoughtworks.xstream.core.TreeUnmarshaller.start(TreeUnmarshaller.java:134) ~[xstream-1.4.14.jar:1.4.14]
	at com.thoughtworks.xstream.core.AbstractTreeMarshallingStrategy.unmarshal(AbstractTreeMarshallingStrategy.java:32) ~[xstream-1.4.14.jar:1.4.14]
	at com.thoughtworks.xstream.XStream.unmarshal(XStream.java:1404) ~[xstream-1.4.14.jar:1.4.14]
	at com.thoughtworks.xstream.XStream.unmarshal(XStream.java:1383) ~[xstream-1.4.14.jar:1.4.14]
	at com.thoughtworks.xstream.XStream.fromXML(XStream.java:1268) ~[xstream-1.4.14.jar:1.4.14]
	at org.apache.jmeter.save.SaveService.readTree(SaveService.java:449) ~[ApacheJMeter_core.jar:5.4]
	... 9 more
Caused by: com.thoughtworks.xstream.converters.ConversionException: 
---- Debugging information ----
cause-exception     : com.thoughtworks.xstream.mapper.CannotResolveClassException
cause-message       : net.xmeter.samplers.ConnectSampler
class               : org.apache.jorphan.collections.ListedHashTree
required-type       : org.apache.jorphan.collections.ListedHashTree
converter-type      : org.apache.jmeter.save.converters.HashTreeConverter
path                : /jmeterTestPlan/hashTree/hashTree/hashTree/net.xmeter.samplers.ConnectSampler
line number         : 224
-------------------------------
	at com.thoughtworks.xstream.core.TreeUnmarshaller.convert(TreeUnmarshaller.java:77) ~[xstream-1.4.14.jar:1.4.14]
	at com.thoughtworks.xstream.core.AbstractReferenceUnmarshaller.convert(AbstractReferenceUnmarshaller.java:72) ~[xstream-1.4.14.jar:1.4.14]
	at com.thoughtworks.xstream.core.TreeUnmarshaller.convertAnother(TreeUnmarshaller.java:66) ~[xstream-1.4.14.jar:1.4.14]
	at com.thoughtworks.xstream.core.TreeUnmarshaller.convertAnother(TreeUnmarshaller.java:50) ~[xstream-1.4.14.jar:1.4.14]
	at com.thoughtworks.xstream.converters.collections.AbstractCollectionConverter.readBareItem(AbstractCollectionConverter.java:132) ~[xstream-1.4.14.jar:1.4.14]
	at org.apache.jmeter.save.converters.HashTreeConverter.unmarshal(HashTreeConverter.java:66) ~[ApacheJMeter_core.jar:5.4]
	at com.thoughtworks.xstream.core.TreeUnmarshaller.convert(TreeUnmarshaller.java:72) ~[xstream-1.4.14.jar:1.4.14]
	at com.thoughtworks.xstream.core.AbstractReferenceUnmarshaller.convert(AbstractReferenceUnmarshaller.java:72) ~[xstream-1.4.14.jar:1.4.14]
	at com.thoughtworks.xstream.core.TreeUnmarshaller.convertAnother(TreeUnmarshaller.java:66) ~[xstream-1.4.14.jar:1.4.14]
	at com.thoughtworks.xstream.core.TreeUnmarshaller.convertAnother(TreeUnmarshaller.java:50) ~[xstream-1.4.14.jar:1.4.14]
	at com.thoughtworks.xstream.converters.collections.AbstractCollectionConverter.readBareItem(AbstractCollectionConverter.java:132) ~[xstream-1.4.14.jar:1.4.14]
	at org.apache.jmeter.save.converters.HashTreeConverter.unmarshal(HashTreeConverter.java:66) ~[ApacheJMeter_core.jar:5.4]
	at com.thoughtworks.xstream.core.TreeUnmarshaller.convert(TreeUnmarshaller.java:72) ~[xstream-1.4.14.jar:1.4.14]
	at com.thoughtworks.xstream.core.AbstractReferenceUnmarshaller.convert(AbstractReferenceUnmarshaller.java:72) ~[xstream-1.4.14.jar:1.4.14]
	at com.thoughtworks.xstream.core.TreeUnmarshaller.convertAnother(TreeUnmarshaller.java:66) ~[xstream-1.4.14.jar:1.4.14]
	at com.thoughtworks.xstream.core.TreeUnmarshaller.convertAnother(TreeUnmarshaller.java:50) ~[xstream-1.4.14.jar:1.4.14]
	at org.apache.jmeter.save.ScriptWrapperConverter.unmarshal(ScriptWrapperConverter.java:93) ~[ApacheJMeter_core.jar:5.4]
	at com.thoughtworks.xstream.core.TreeUnmarshaller.convert(TreeUnmarshaller.java:72) ~[xstream-1.4.14.jar:1.4.14]
	at com.thoughtworks.xstream.core.AbstractReferenceUnmarshaller.convert(AbstractReferenceUnmarshaller.java:72) ~[xstream-1.4.14.jar:1.4.14]
	at com.thoughtworks.xstream.core.TreeUnmarshaller.convertAnother(TreeUnmarshaller.java:66) ~[xstream-1.4.14.jar:1.4.14]
	at com.thoughtworks.xstream.core.TreeUnmarshaller.convertAnother(TreeUnmarshaller.java:50) ~[xstream-1.4.14.jar:1.4.14]
	at com.thoughtworks.xstream.core.TreeUnmarshaller.start(TreeUnmarshaller.java:134) ~[xstream-1.4.14.jar:1.4.14]
	at com.thoughtworks.xstream.core.AbstractTreeMarshallingStrategy.unmarshal(AbstractTreeMarshallingStrategy.java:32) ~[xstream-1.4.14.jar:1.4.14]
	at com.thoughtworks.xstream.XStream.unmarshal(XStream.java:1404) ~[xstream-1.4.14.jar:1.4.14]
	at com.thoughtworks.xstream.XStream.unmarshal(XStream.java:1383) ~[xstream-1.4.14.jar:1.4.14]
	at com.thoughtworks.xstream.XStream.fromXML(XStream.java:1268) ~[xstream-1.4.14.jar:1.4.14]
	at org.apache.jmeter.save.SaveService.readTree(SaveService.java:449) ~[ApacheJMeter_core.jar:5.4]
	... 9 more
Caused by: com.thoughtworks.xstream.mapper.CannotResolveClassException: net.xmeter.samplers.ConnectSampler
	at com.thoughtworks.xstream.mapper.DefaultMapper.realClass(DefaultMapper.java:81) ~[xstream-1.4.14.jar:1.4.14]
	at com.thoughtworks.xstream.mapper.MapperWrapper.realClass(MapperWrapper.java:125) ~[xstream-1.4.14.jar:1.4.14]
	at com.thoughtworks.xstream.mapper.DynamicProxyMapper.realClass(DynamicProxyMapper.java:55) ~[xstream-1.4.14.jar:1.4.14]
	at com.thoughtworks.xstream.mapper.MapperWrapper.realClass(MapperWrapper.java:125) ~[xstream-1.4.14.jar:1.4.14]
	at com.thoughtworks.xstream.mapper.PackageAliasingMapper.realClass(PackageAliasingMapper.java:88) ~[xstream-1.4.14.jar:1.4.14]
	at com.thoughtworks.xstream.mapper.MapperWrapper.realClass(MapperWrapper.java:125) ~[xstream-1.4.14.jar:1.4.14]
	at com.thoughtworks.xstream.mapper.ClassAliasingMapper.realClass(ClassAliasingMapper.java:79) ~[xstream-1.4.14.jar:1.4.14]
	at com.thoughtworks.xstream.mapper.MapperWrapper.realClass(MapperWrapper.java:125) ~[xstream-1.4.14.jar:1.4.14]
	at com.thoughtworks.xstream.mapper.ArrayMapper.realClass(ArrayMapper.java:74) ~[xstream-1.4.14.jar:1.4.14]
	at com.thoughtworks.xstream.mapper.MapperWrapper.realClass(MapperWrapper.java:125) ~[xstream-1.4.14.jar:1.4.14]
	at com.thoughtworks.xstream.mapper.SecurityMapper.realClass(SecurityMapper.java:71) ~[xstream-1.4.14.jar:1.4.14]
	at com.thoughtworks.xstream.mapper.MapperWrapper.realClass(MapperWrapper.java:125) ~[xstream-1.4.14.jar:1.4.14]
	at org.apache.jmeter.save.SaveService$XStreamWrapper$1.realClass(SaveService.java:97) ~[ApacheJMeter_core.jar:5.4]
	at com.thoughtworks.xstream.mapper.MapperWrapper.realClass(MapperWrapper.java:125) ~[xstream-1.4.14.jar:1.4.14]
	at com.thoughtworks.xstream.mapper.CachingMapper.realClass(CachingMapper.java:47) ~[xstream-1.4.14.jar:1.4.14]
	at com.thoughtworks.xstream.core.util.HierarchicalStreams.readClassType(HierarchicalStreams.java:29) ~[xstream-1.4.14.jar:1.4.14]
	at com.thoughtworks.xstream.converters.collections.AbstractCollectionConverter.readBareItem(AbstractCollectionConverter.java:131) ~[xstream-1.4.14.jar:1.4.14]
	at org.apache.jmeter.save.converters.HashTreeConverter.unmarshal(HashTreeConverter.java:66) ~[ApacheJMeter_core.jar:5.4]
	at com.thoughtworks.xstream.core.TreeUnmarshaller.convert(TreeUnmarshaller.java:72) ~[xstream-1.4.14.jar:1.4.14]
	at com.thoughtworks.xstream.core.AbstractReferenceUnmarshaller.convert(AbstractReferenceUnmarshaller.java:72) ~[xstream-1.4.14.jar:1.4.14]
	at com.thoughtworks.xstream.core.TreeUnmarshaller.convertAnother(TreeUnmarshaller.java:66) ~[xstream-1.4.14.jar:1.4.14]
	at com.thoughtworks.xstream.core.TreeUnmarshaller.convertAnother(TreeUnmarshaller.java:50) ~[xstream-1.4.14.jar:1.4.14]
	at com.thoughtworks.xstream.converters.collections.AbstractCollectionConverter.readBareItem(AbstractCollectionConverter.java:132) ~[xstream-1.4.14.jar:1.4.14]
	at org.apache.jmeter.save.converters.HashTreeConverter.unmarshal(HashTreeConverter.java:66) ~[ApacheJMeter_core.jar:5.4]
	at com.thoughtworks.xstream.core.TreeUnmarshaller.convert(TreeUnmarshaller.java:72) ~[xstream-1.4.14.jar:1.4.14]
	at com.thoughtworks.xstream.core.AbstractReferenceUnmarshaller.convert(AbstractReferenceUnmarshaller.java:72) ~[xstream-1.4.14.jar:1.4.14]
	at com.thoughtworks.xstream.core.TreeUnmarshaller.convertAnother(TreeUnmarshaller.java:66) ~[xstream-1.4.14.jar:1.4.14]
	at com.thoughtworks.xstream.core.TreeUnmarshaller.convertAnother(TreeUnmarshaller.java:50) ~[xstream-1.4.14.jar:1.4.14]
	at com.thoughtworks.xstream.converters.collections.AbstractCollectionConverter.readBareItem(AbstractCollectionConverter.java:132) ~[xstream-1.4.14.jar:1.4.14]
	at org.apache.jmeter.save.converters.HashTreeConverter.unmarshal(HashTreeConverter.java:66) ~[ApacheJMeter_core.jar:5.4]
	at com.thoughtworks.xstream.core.TreeUnmarshaller.convert(TreeUnmarshaller.java:72) ~[xstream-1.4.14.jar:1.4.14]
	at com.thoughtworks.xstream.core.AbstractReferenceUnmarshaller.convert(AbstractReferenceUnmarshaller.java:72) ~[xstream-1.4.14.jar:1.4.14]
	at com.thoughtworks.xstream.core.TreeUnmarshaller.convertAnother(TreeUnmarshaller.java:66) ~[xstream-1.4.14.jar:1.4.14]
	at com.thoughtworks.xstream.core.TreeUnmarshaller.convertAnother(TreeUnmarshaller.java:50) ~[xstream-1.4.14.jar:1.4.14]
	at org.apache.jmeter.save.ScriptWrapperConverter.unmarshal(ScriptWrapperConverter.java:93) ~[ApacheJMeter_core.jar:5.4]
	at com.thoughtworks.xstream.core.TreeUnmarshaller.convert(TreeUnmarshaller.java:72) ~[xstream-1.4.14.jar:1.4.14]
	at com.thoughtworks.xstream.core.AbstractReferenceUnmarshaller.convert(AbstractReferenceUnmarshaller.java:72) ~[xstream-1.4.14.jar:1.4.14]
	at com.thoughtworks.xstream.core.TreeUnmarshaller.convertAnother(TreeUnmarshaller.java:66) ~[xstream-1.4.14.jar:1.4.14]
	at com.thoughtworks.xstream.core.TreeUnmarshaller.convertAnother(TreeUnmarshaller.java:50) ~[xstream-1.4.14.jar:1.4.14]
	at com.thoughtworks.xstream.core.TreeUnmarshaller.start(TreeUnmarshaller.java:134) ~[xstream-1.4.14.jar:1.4.14]
	at com.thoughtworks.xstream.core.AbstractTreeMarshallingStrategy.unmarshal(AbstractTreeMarshallingStrategy.java:32) ~[xstream-1.4.14.jar:1.4.14]
	at com.thoughtworks.xstream.XStream.unmarshal(XStream.java:1404) ~[xstream-1.4.14.jar:1.4.14]
	at com.thoughtworks.xstream.XStream.unmarshal(XStream.java:1383) ~[xstream-1.4.14.jar:1.4.14]
	at com.thoughtworks.xstream.XStream.fromXML(XStream.java:1268) ~[xstream-1.4.14.jar:1.4.14]
	at org.apache.jmeter.save.SaveService.readTree(SaveService.java:449) ~[ApacheJMeter_core.jar:5.4]
	... 9 more
2021-12-16 11:44:24,675 ERROR o.a.j.JMeter: An error occurred: 
org.apache.jmeter.report.config.ConfigurationException: Error in NonGUIDriver Problem loading XML from:'/Users/leo/Workspace/v/docker-image/jmeter/plans/h-api-test.jmx'. 
Cause:
CannotResolveClassException: net.xmeter.samplers.ConnectSampler

 Detail:com.thoughtworks.xstream.converters.ConversionException: 
---- Debugging information ----
cause-exception     : com.thoughtworks.xstream.converters.ConversionException
cause-message       : 
first-jmeter-class  : org.apache.jmeter.save.converters.HashTreeConverter.unmarshal(HashTreeConverter.java:66)
class               : org.apache.jmeter.save.ScriptWrapper
required-type       : org.apache.jmeter.save.ScriptWrapper
converter-type      : org.apache.jmeter.save.ScriptWrapperConverter
path                : /jmeterTestPlan/hashTree/hashTree/hashTree/net.xmeter.samplers.ConnectSampler
line number         : 224
version             : 5.4
-------------------------------
	at org.apache.jmeter.JMeter.runNonGui(JMeter.java:1118) ~[ApacheJMeter_core.jar:5.4]
	at org.apache.jmeter.JMeter.startNonGui(JMeter.java:1007) ~[ApacheJMeter_core.jar:5.4]
	at org.apache.jmeter.JMeter.start(JMeter.java:579) [ApacheJMeter_core.jar:5.4]
	at sun.reflect.NativeMethodAccessorImpl.invoke0(Native Method) ~[?:1.8.0_275]
	at sun.reflect.NativeMethodAccessorImpl.invoke(NativeMethodAccessorImpl.java:62) ~[?:1.8.0_275]
	at sun.reflect.DelegatingMethodAccessorImpl.invoke(DelegatingMethodAccessorImpl.java:43) ~[?:1.8.0_275]
	at java.lang.reflect.Method.invoke(Method.java:498) ~[?:1.8.0_275]
	at org.apache.jmeter.NewDriver.main(NewDriver.java:254) [ApacheJMeter.jar:5.4]
Caused by: java.lang.IllegalArgumentException: Problem loading XML from:'/Users/leo/Workspace/v/docker-image/jmeter/plans/h-api-test.jmx'. 
Cause:
CannotResolveClassException: net.xmeter.samplers.ConnectSampler

 Detail:com.thoughtworks.xstream.converters.ConversionException: 
---- Debugging information ----
cause-exception     : com.thoughtworks.xstream.converters.ConversionException
cause-message       : 
first-jmeter-class  : org.apache.jmeter.save.converters.HashTreeConverter.unmarshal(HashTreeConverter.java:66)
class               : org.apache.jmeter.save.ScriptWrapper
required-type       : org.apache.jmeter.save.ScriptWrapper
converter-type      : org.apache.jmeter.save.ScriptWrapperConverter
path                : /jmeterTestPlan/hashTree/hashTree/hashTree/net.xmeter.samplers.ConnectSampler
line number         : 224
version             : 5.4
-------------------------------
	at org.apache.jmeter.save.SaveService.readTree(SaveService.java:459) ~[ApacheJMeter_core.jar:5.4]
	at org.apache.jmeter.save.SaveService.loadTree(SaveService.java:432) ~[ApacheJMeter_core.jar:5.4]
	at org.apache.jmeter.JMeter.runNonGui(JMeter.java:1021) ~[ApacheJMeter_core.jar:5.4]
	... 7 more
Caused by: com.thoughtworks.xstream.converters.ConversionException: 
---- Debugging information ----
cause-exception     : com.thoughtworks.xstream.converters.ConversionException
cause-message       : 
first-jmeter-class  : org.apache.jmeter.save.converters.HashTreeConverter.unmarshal(HashTreeConverter.java:66)
class               : org.apache.jmeter.save.ScriptWrapper
required-type       : org.apache.jmeter.save.ScriptWrapper
converter-type      : org.apache.jmeter.save.ScriptWrapperConverter
path                : /jmeterTestPlan/hashTree/hashTree/hashTree/net.xmeter.samplers.ConnectSampler
line number         : 224
version             : 5.4
-------------------------------
	at org.apache.jmeter.save.ScriptWrapperConverter.createConversionException(ScriptWrapperConverter.java:101) ~[ApacheJMeter_core.jar:5.4]
	at org.apache.jmeter.save.ScriptWrapperConverter.unmarshal(ScriptWrapperConverter.java:95) ~[ApacheJMeter_core.jar:5.4]
	at com.thoughtworks.xstream.core.TreeUnmarshaller.convert(TreeUnmarshaller.java:72) ~[xstream-1.4.14.jar:1.4.14]
	at com.thoughtworks.xstream.core.AbstractReferenceUnmarshaller.convert(AbstractReferenceUnmarshaller.java:72) ~[xstream-1.4.14.jar:1.4.14]
	at com.thoughtworks.xstream.core.TreeUnmarshaller.convertAnother(TreeUnmarshaller.java:66) ~[xstream-1.4.14.jar:1.4.14]
	at com.thoughtworks.xstream.core.TreeUnmarshaller.convertAnother(TreeUnmarshaller.java:50) ~[xstream-1.4.14.jar:1.4.14]
	at com.thoughtworks.xstream.core.TreeUnmarshaller.start(TreeUnmarshaller.java:134) ~[xstream-1.4.14.jar:1.4.14]
	at com.thoughtworks.xstream.core.AbstractTreeMarshallingStrategy.unmarshal(AbstractTreeMarshallingStrategy.java:32) ~[xstream-1.4.14.jar:1.4.14]
	at com.thoughtworks.xstream.XStream.unmarshal(XStream.java:1404) ~[xstream-1.4.14.jar:1.4.14]
	at com.thoughtworks.xstream.XStream.unmarshal(XStream.java:1383) ~[xstream-1.4.14.jar:1.4.14]
	at com.thoughtworks.xstream.XStream.fromXML(XStream.java:1268) ~[xstream-1.4.14.jar:1.4.14]
	at org.apache.jmeter.save.SaveService.readTree(SaveService.java:449) ~[ApacheJMeter_core.jar:5.4]
	at org.apache.jmeter.save.SaveService.loadTree(SaveService.java:432) ~[ApacheJMeter_core.jar:5.4]
	at org.apache.jmeter.JMeter.runNonGui(JMeter.java:1021) ~[ApacheJMeter_core.jar:5.4]
	... 7 more
Caused by: com.thoughtworks.xstream.converters.ConversionException: 
---- Debugging information ----
cause-exception     : com.thoughtworks.xstream.mapper.CannotResolveClassException
cause-message       : net.xmeter.samplers.ConnectSampler
class               : org.apache.jorphan.collections.ListedHashTree
required-type       : org.apache.jorphan.collections.ListedHashTree
converter-type      : org.apache.jmeter.save.converters.HashTreeConverter
path                : /jmeterTestPlan/hashTree/hashTree/hashTree/net.xmeter.samplers.ConnectSampler
line number         : 224
-------------------------------
	at com.thoughtworks.xstream.core.TreeUnmarshaller.convert(TreeUnmarshaller.java:77) ~[xstream-1.4.14.jar:1.4.14]
	at com.thoughtworks.xstream.core.AbstractReferenceUnmarshaller.convert(AbstractReferenceUnmarshaller.java:72) ~[xstream-1.4.14.jar:1.4.14]
	at com.thoughtworks.xstream.core.TreeUnmarshaller.convertAnother(TreeUnmarshaller.java:66) ~[xstream-1.4.14.jar:1.4.14]
	at com.thoughtworks.xstream.core.TreeUnmarshaller.convertAnother(TreeUnmarshaller.java:50) ~[xstream-1.4.14.jar:1.4.14]
	at com.thoughtworks.xstream.converters.collections.AbstractCollectionConverter.readBareItem(AbstractCollectionConverter.java:132) ~[xstream-1.4.14.jar:1.4.14]
	at org.apache.jmeter.save.converters.HashTreeConverter.unmarshal(HashTreeConverter.java:66) ~[ApacheJMeter_core.jar:5.4]
	at com.thoughtworks.xstream.core.TreeUnmarshaller.convert(TreeUnmarshaller.java:72) ~[xstream-1.4.14.jar:1.4.14]
	at com.thoughtworks.xstream.core.AbstractReferenceUnmarshaller.convert(AbstractReferenceUnmarshaller.java:72) ~[xstream-1.4.14.jar:1.4.14]
	at com.thoughtworks.xstream.core.TreeUnmarshaller.convertAnother(TreeUnmarshaller.java:66) ~[xstream-1.4.14.jar:1.4.14]
	at com.thoughtworks.xstream.core.TreeUnmarshaller.convertAnother(TreeUnmarshaller.java:50) ~[xstream-1.4.14.jar:1.4.14]
	at com.thoughtworks.xstream.converters.collections.AbstractCollectionConverter.readBareItem(AbstractCollectionConverter.java:132) ~[xstream-1.4.14.jar:1.4.14]
	at org.apache.jmeter.save.converters.HashTreeConverter.unmarshal(HashTreeConverter.java:66) ~[ApacheJMeter_core.jar:5.4]
	at com.thoughtworks.xstream.core.TreeUnmarshaller.convert(TreeUnmarshaller.java:72) ~[xstream-1.4.14.jar:1.4.14]
	at com.thoughtworks.xstream.core.AbstractReferenceUnmarshaller.convert(AbstractReferenceUnmarshaller.java:72) ~[xstream-1.4.14.jar:1.4.14]
	at com.thoughtworks.xstream.core.TreeUnmarshaller.convertAnother(TreeUnmarshaller.java:66) ~[xstream-1.4.14.jar:1.4.14]
	at com.thoughtworks.xstream.core.TreeUnmarshaller.convertAnother(TreeUnmarshaller.java:50) ~[xstream-1.4.14.jar:1.4.14]
	at org.apache.jmeter.save.ScriptWrapperConverter.unmarshal(ScriptWrapperConverter.java:93) ~[ApacheJMeter_core.jar:5.4]
	at com.thoughtworks.xstream.core.TreeUnmarshaller.convert(TreeUnmarshaller.java:72) ~[xstream-1.4.14.jar:1.4.14]
	at com.thoughtworks.xstream.core.AbstractReferenceUnmarshaller.convert(AbstractReferenceUnmarshaller.java:72) ~[xstream-1.4.14.jar:1.4.14]
	at com.thoughtworks.xstream.core.TreeUnmarshaller.convertAnother(TreeUnmarshaller.java:66) ~[xstream-1.4.14.jar:1.4.14]
	at com.thoughtworks.xstream.core.TreeUnmarshaller.convertAnother(TreeUnmarshaller.java:50) ~[xstream-1.4.14.jar:1.4.14]
	at com.thoughtworks.xstream.core.TreeUnmarshaller.start(TreeUnmarshaller.java:134) ~[xstream-1.4.14.jar:1.4.14]
	at com.thoughtworks.xstream.core.AbstractTreeMarshallingStrategy.unmarshal(AbstractTreeMarshallingStrategy.java:32) ~[xstream-1.4.14.jar:1.4.14]
	at com.thoughtworks.xstream.XStream.unmarshal(XStream.java:1404) ~[xstream-1.4.14.jar:1.4.14]
	at com.thoughtworks.xstream.XStream.unmarshal(XStream.java:1383) ~[xstream-1.4.14.jar:1.4.14]
	at com.thoughtworks.xstream.XStream.fromXML(XStream.java:1268) ~[xstream-1.4.14.jar:1.4.14]
	at org.apache.jmeter.save.SaveService.readTree(SaveService.java:449) ~[ApacheJMeter_core.jar:5.4]
	at org.apache.jmeter.save.SaveService.loadTree(SaveService.java:432) ~[ApacheJMeter_core.jar:5.4]
	at org.apache.jmeter.JMeter.runNonGui(JMeter.java:1021) ~[ApacheJMeter_core.jar:5.4]
	... 7 more
Caused by: com.thoughtworks.xstream.mapper.CannotResolveClassException: net.xmeter.samplers.ConnectSampler
	at com.thoughtworks.xstream.mapper.DefaultMapper.realClass(DefaultMapper.java:81) ~[xstream-1.4.14.jar:1.4.14]
	at com.thoughtworks.xstream.mapper.MapperWrapper.realClass(MapperWrapper.java:125) ~[xstream-1.4.14.jar:1.4.14]
	at com.thoughtworks.xstream.mapper.DynamicProxyMapper.realClass(DynamicProxyMapper.java:55) ~[xstream-1.4.14.jar:1.4.14]
	at com.thoughtworks.xstream.mapper.MapperWrapper.realClass(MapperWrapper.java:125) ~[xstream-1.4.14.jar:1.4.14]
	at com.thoughtworks.xstream.mapper.PackageAliasingMapper.realClass(PackageAliasingMapper.java:88) ~[xstream-1.4.14.jar:1.4.14]
	at com.thoughtworks.xstream.mapper.MapperWrapper.realClass(MapperWrapper.java:125) ~[xstream-1.4.14.jar:1.4.14]
	at com.thoughtworks.xstream.mapper.ClassAliasingMapper.realClass(ClassAliasingMapper.java:79) ~[xstream-1.4.14.jar:1.4.14]
	at com.thoughtworks.xstream.mapper.MapperWrapper.realClass(MapperWrapper.java:125) ~[xstream-1.4.14.jar:1.4.14]
	at com.thoughtworks.xstream.mapper.ArrayMapper.realClass(ArrayMapper.java:74) ~[xstream-1.4.14.jar:1.4.14]
	at com.thoughtworks.xstream.mapper.MapperWrapper.realClass(MapperWrapper.java:125) ~[xstream-1.4.14.jar:1.4.14]
	at com.thoughtworks.xstream.mapper.SecurityMapper.realClass(SecurityMapper.java:71) ~[xstream-1.4.14.jar:1.4.14]
	at com.thoughtworks.xstream.mapper.MapperWrapper.realClass(MapperWrapper.java:125) ~[xstream-1.4.14.jar:1.4.14]
	at org.apache.jmeter.save.SaveService$XStreamWrapper$1.realClass(SaveService.java:97) ~[ApacheJMeter_core.jar:5.4]
	at com.thoughtworks.xstream.mapper.MapperWrapper.realClass(MapperWrapper.java:125) ~[xstream-1.4.14.jar:1.4.14]
	at com.thoughtworks.xstream.mapper.CachingMapper.realClass(CachingMapper.java:47) ~[xstream-1.4.14.jar:1.4.14]
	at com.thoughtworks.xstream.core.util.HierarchicalStreams.readClassType(HierarchicalStreams.java:29) ~[xstream-1.4.14.jar:1.4.14]
	at com.thoughtworks.xstream.converters.collections.AbstractCollectionConverter.readBareItem(AbstractCollectionConverter.java:131) ~[xstream-1.4.14.jar:1.4.14]
	at org.apache.jmeter.save.converters.HashTreeConverter.unmarshal(HashTreeConverter.java:66) ~[ApacheJMeter_core.jar:5.4]
	at com.thoughtworks.xstream.core.TreeUnmarshaller.convert(TreeUnmarshaller.java:72) ~[xstream-1.4.14.jar:1.4.14]
	at com.thoughtworks.xstream.core.AbstractReferenceUnmarshaller.convert(AbstractReferenceUnmarshaller.java:72) ~[xstream-1.4.14.jar:1.4.14]
	at com.thoughtworks.xstream.core.TreeUnmarshaller.convertAnother(TreeUnmarshaller.java:66) ~[xstream-1.4.14.jar:1.4.14]
	at com.thoughtworks.xstream.core.TreeUnmarshaller.convertAnother(TreeUnmarshaller.java:50) ~[xstream-1.4.14.jar:1.4.14]
	at com.thoughtworks.xstream.converters.collections.AbstractCollectionConverter.readBareItem(AbstractCollectionConverter.java:132) ~[xstream-1.4.14.jar:1.4.14]
	at org.apache.jmeter.save.converters.HashTreeConverter.unmarshal(HashTreeConverter.java:66) ~[ApacheJMeter_core.jar:5.4]
	at com.thoughtworks.xstream.core.TreeUnmarshaller.convert(TreeUnmarshaller.java:72) ~[xstream-1.4.14.jar:1.4.14]
	at com.thoughtworks.xstream.core.AbstractReferenceUnmarshaller.convert(AbstractReferenceUnmarshaller.java:72) ~[xstream-1.4.14.jar:1.4.14]
	at com.thoughtworks.xstream.core.TreeUnmarshaller.convertAnother(TreeUnmarshaller.java:66) ~[xstream-1.4.14.jar:1.4.14]
	at com.thoughtworks.xstream.core.TreeUnmarshaller.convertAnother(TreeUnmarshaller.java:50) ~[xstream-1.4.14.jar:1.4.14]
	at com.thoughtworks.xstream.converters.collections.AbstractCollectionConverter.readBareItem(AbstractCollectionConverter.java:132) ~[xstream-1.4.14.jar:1.4.14]
	at org.apache.jmeter.save.converters.HashTreeConverter.unmarshal(HashTreeConverter.java:66) ~[ApacheJMeter_core.jar:5.4]
	at com.thoughtworks.xstream.core.TreeUnmarshaller.convert(TreeUnmarshaller.java:72) ~[xstream-1.4.14.jar:1.4.14]
	at com.thoughtworks.xstream.core.AbstractReferenceUnmarshaller.convert(AbstractReferenceUnmarshaller.java:72) ~[xstream-1.4.14.jar:1.4.14]
	at com.thoughtworks.xstream.core.TreeUnmarshaller.convertAnother(TreeUnmarshaller.java:66) ~[xstream-1.4.14.jar:1.4.14]
	at com.thoughtworks.xstream.core.TreeUnmarshaller.convertAnother(TreeUnmarshaller.java:50) ~[xstream-1.4.14.jar:1.4.14]
	at org.apache.jmeter.save.ScriptWrapperConverter.unmarshal(ScriptWrapperConverter.java:93) ~[ApacheJMeter_core.jar:5.4]
	at com.thoughtworks.xstream.core.TreeUnmarshaller.convert(TreeUnmarshaller.java:72) ~[xstream-1.4.14.jar:1.4.14]
	at com.thoughtworks.xstream.core.AbstractReferenceUnmarshaller.convert(AbstractReferenceUnmarshaller.java:72) ~[xstream-1.4.14.jar:1.4.14]
	at com.thoughtworks.xstream.core.TreeUnmarshaller.convertAnother(TreeUnmarshaller.java:66) ~[xstream-1.4.14.jar:1.4.14]
	at com.thoughtworks.xstream.core.TreeUnmarshaller.convertAnother(TreeUnmarshaller.java:50) ~[xstream-1.4.14.jar:1.4.14]
	at com.thoughtworks.xstream.core.TreeUnmarshaller.start(TreeUnmarshaller.java:134) ~[xstream-1.4.14.jar:1.4.14]
	at com.thoughtworks.xstream.core.AbstractTreeMarshallingStrategy.unmarshal(AbstractTreeMarshallingStrategy.java:32) ~[xstream-1.4.14.jar:1.4.14]
	at com.thoughtworks.xstream.XStream.unmarshal(XStream.java:1404) ~[xstream-1.4.14.jar:1.4.14]
	at com.thoughtworks.xstream.XStream.unmarshal(XStream.java:1383) ~[xstream-1.4.14.jar:1.4.14]
	at com.thoughtworks.xstream.XStream.fromXML(XStream.java:1268) ~[xstream-1.4.14.jar:1.4.14]
	at org.apache.jmeter.save.SaveService.readTree(SaveService.java:449) ~[ApacheJMeter_core.jar:5.4]
	at org.apache.jmeter.save.SaveService.loadTree(SaveService.java:432) ~[ApacheJMeter_core.jar:5.4]
	at org.apache.jmeter.JMeter.runNonGui(JMeter.java:1021) ~[ApacheJMeter_core.jar:5.4]
	... 7 more
